[dotenv@17.2.3] injecting env (3) from backend\.env -- tip: ΓÜÖ∩╕Å  override existing env vars with { override: true }
MongoDB Connected...
Data cleared...
Error with data import: MongoBulkWriteError: E11000 duplicate key error collection: web3central.tools index: id_1 dup key: { id: "velodrome" }
    at OrderedBulkOperation.handleWriteError (C:\Users\HomePC\Downloads\web3central\backend\node_modules\mongodb\lib\bulk\common.js:802:19)
    at executeCommands (C:\Users\HomePC\Downloads\web3central\backend\node_modules\mongodb\lib\bulk\common.js:346:23)
    at process.processTicksAndRejections (node:internal/process/task_queues:105:5)
    at async C:\Users\HomePC\Downloads\web3central\backend\node_modules\mongodb\lib\bulk\common.js:788:24
    at async MongoClient.withSession (C:\Users\HomePC\Downloads\web3central\backend\node_modules\mongodb\lib\mongo_client.js:469:20)
    at async OrderedBulkOperation.execute (C:\Users\HomePC\Downloads\web3central\backend\node_modules\mongodb\lib\bulk\common.js:787:20)
    at async Collection.bulkWrite (C:\Users\HomePC\Downloads\web3central\backend\node_modules\mongodb\lib\collection.js:224:16)
    at async Collection.insertMany (C:\Users\HomePC\Downloads\web3central\backend\node_modules\mongodb\lib\collection.js:171:25)
    at async Function.insertMany (C:\Users\HomePC\Downloads\web3central\backend\node_modules\mongoose\lib\model.js:3044:11)
    at async importData (C:\Users\HomePC\Downloads\web3central\backend\scripts\seedData.js:45:13) {
  errorLabelSet: Set(0) {},
  errorResponse: {
    message: 'E11000 duplicate key error collection: web3central.tools index: id_1 dup key: { id: "velodrome" }',
    code: 11000,
    writeErrors: [ [Object] ]
  },
  code: 11000,
  writeErrors: [ { err: [Object], index: 42 } ],
  result: BulkWriteResult {
    insertedCount: 42,
    matchedCount: 0,
    modifiedCount: 0,
    deletedCount: 0,
    upsertedCount: 0,
    upsertedIds: {},
    insertedIds: {
      '0': new ObjectId('696107a9c1eed6d4f3740c25'),
      '1': new ObjectId('696107a9c1eed6d4f3740c26'),
      '2': new ObjectId('696107a9c1eed6d4f3740c27'),
      '3': new ObjectId('696107a9c1eed6d4f3740c28'),
      '4': new ObjectId('696107a9c1eed6d4f3740c29'),
      '5': new ObjectId('696107a9c1eed6d4f3740c2a'),
      '6': new ObjectId('696107a9c1eed6d4f3740c2b'),
      '7': new ObjectId('696107a9c1eed6d4f3740c2c'),
      '8': new ObjectId('696107a9c1eed6d4f3740c2d'),
      '9': new ObjectId('696107a9c1eed6d4f3740c2e'),
      '10': new ObjectId('696107a9c1eed6d4f3740c2f'),
      '11': new ObjectId('696107a9c1eed6d4f3740c30'),
      '12': new ObjectId('696107a9c1eed6d4f3740c31'),
      '13': new ObjectId('696107a9c1eed6d4f3740c32'),
      '14': new ObjectId('696107a9c1eed6d4f3740c33'),
      '15': new ObjectId('696107a9c1eed6d4f3740c34'),
      '16': new ObjectId('696107a9c1eed6d4f3740c35'),
      '17': new ObjectId('696107a9c1eed6d4f3740c36'),
      '18': new ObjectId('696107a9c1eed6d4f3740c37'),
      '19': new ObjectId('696107a9c1eed6d4f3740c38'),
      '20': new ObjectId('696107a9c1eed6d4f3740c39'),
      '21': new ObjectId('696107a9c1eed6d4f3740c3a'),
      '22': new ObjectId('696107a9c1eed6d4f3740c3b'),
      '23': new ObjectId('696107a9c1eed6d4f3740c3c'),
      '24': new ObjectId('696107a9c1eed6d4f3740c3d'),
      '25': new ObjectId('696107a9c1eed6d4f3740c3e'),
      '26': new ObjectId('696107a9c1eed6d4f3740c3f'),
      '27': new ObjectId('696107a9c1eed6d4f3740c40'),
      '28': new ObjectId('696107a9c1eed6d4f3740c41'),
      '29': new ObjectId('696107a9c1eed6d4f3740c42'),
      '30': new ObjectId('696107a9c1eed6d4f3740c43'),
      '31': new ObjectId('696107a9c1eed6d4f3740c44'),
      '32': new ObjectId('696107a9c1eed6d4f3740c45'),
      '33': new ObjectId('696107a9c1eed6d4f3740c46'),
      '34': new ObjectId('696107a9c1eed6d4f3740c47'),
      '35': new ObjectId('696107a9c1eed6d4f3740c48'),
      '36': new ObjectId('696107a9c1eed6d4f3740c49'),
      '37': new ObjectId('696107a9c1eed6d4f3740c4a'),
      '38': new ObjectId('696107a9c1eed6d4f3740c4b'),
      '39': new ObjectId('696107a9c1eed6d4f3740c4c'),
      '40': new ObjectId('696107a9c1eed6d4f3740c4d'),
      '41': new ObjectId('696107a9c1eed6d4f3740c4e')
    }
  },
  insertedDocs: [
    {
      id: 'layerzero',
      name: 'LayerZero',
      url: 'https://layerzero.network',
      description: 'Lightweight omnichain messaging protocol enabling cross-chain applications.',
      category: 'interoperability',
      tags: [Array],
      builder: [Object],
      status: 'active',
      verified: true,
      trending: true,
      trendingReason: 'Most bookmarked this week',
      recentlyAdded: false,
      monthlyUsers: '120,000+',
      popularWith: [Array],
      narrative: 'Bridges gaining mindshare',
      narrativeDescription: 'Leading the charge in omnichain interoperability solutions',
      _id: new ObjectId('696107a9c1eed6d4f3740c25'),
      __v: 0
    },
    {
      id: 'wormhole',
      name: 'Wormhole',
      url: 'https://wormholenetwork.com',
      description: 'Cross-chain messaging and asset transfer protocol connecting major blockchains.',
      category: 'interoperability',
      tags: [Array],
      builder: [Object],
      status: 'active',
      verified: true,
      trending: true,
      trendingReason: 'Trending this week',
      recentlyAdded: false,
      monthlyUsers: '98,000+',
      popularWith: [Array],
      narrative: 'Bridges gaining mindshare',
      narrativeDescription: 'Key player in cross-chain asset transfers and messaging',
      _id: new ObjectId('696107a9c1eed6d4f3740c26'),
      __v: 0
    },
    {
      id: 'axelar',
      name: 'Axelar',
      url: 'https://axelar.network',
      description: 'Secure cross-chain communication network powered by PoS validators.',
      category: 'interoperability',
      tags: [Array],
      builder: [Object],
      status: 'active',
      verified: true,
      trending: false,
      recentlyAdded: true,
      monthlyUsers: '75,000+',
      popularWith: [Array],
      narrative: 'Bridges gaining mindshare',
      narrativeDescription: 'Secure cross-chain communication with PoS validation',
      _id: new ObjectId('696107a9c1eed6d4f3740c27'),
      __v: 0
    },
    {
      id: 'stargate',
      name: 'Stargate',
      url: 'https://stargate.finance',
      description: 'Liquidity transport protocol for native cross-chain asset transfers.',
      category: 'interoperability',
      tags: [Array],
      builder: [Object],
      status: 'active',
      verified: true,
      trending: true,
      trendingReason: 'Trending this week',
      recentlyAdded: false,
      monthlyUsers: '85,000+',
      popularWith: [Array],
      narrative: 'Bridges gaining mindshare',
      narrativeDescription: 'Popular for native asset transfers across chains',
      _id: new ObjectId('696107a9c1eed6d4f3740c28'),
      __v: 0
    },
    {
      id: 'relay',
      name: 'Relay',
      url: 'https://relay.link',
      description: 'Cross-chain bridge enabling seamless token transfers and liquidity routing.',
      category: 'interoperability',
      tags: [Array],
      builder: [Object],
      status: 'active',
      verified: true,
      trending: false,
      recentlyAdded: true,
      monthlyUsers: '42,000+',
      popularWith: [Array],
      narrative: 'Bridges gaining mindshare',
      narrativeDescription: 'Growing adoption for NFT and token transfers',
      rating: 4.7,
      reviews: 128,
      _id: new ObjectId('696107a9c1eed6d4f3740c29'),
      __v: 0
    },
    {
      id: 'hyperlane',
      name: 'Hyperlane',
      url: 'https://hyperlane.xyz',
      description: 'Permissionless and modular cross-chain messaging protocol.',
      category: 'interoperability',
      tags: [Array],
      builder: [Object],
      status: 'active',
      verified: true,
      trending: false,
      recentlyAdded: false,
      monthlyUsers: '38,000+',
      popularWith: [Array],
      narrative: 'Bridges gaining mindshare',
      narrativeDescription: 'Permissionless approach to cross-chain messaging',
      _id: new ObjectId('696107a9c1eed6d4f3740c2a'),
      __v: 0
    },
    {
      id: 'debridge',
      name: 'deBridge',
      url: 'https://debridge.finance',
      description: 'Decentralized interoperability and cross-chain messaging protocol.',
      category: 'interoperability',
      tags: [Array],
      builder: [Object],
      status: 'active',
      verified: true,
      trending: false,
      recentlyAdded: false,
      monthlyUsers: '29,000+',
      popularWith: [Array],
      narrative: 'Bridges gaining mindshare',
      narrativeDescription: 'Focus on liquidity and cross-chain messaging',
      _id: new ObjectId('696107a9c1eed6d4f3740c2b'),
      __v: 0
    },
    {
      id: 'connext',
      name: 'Connext',
      url: 'https://connext.network',
      description: 'Composable interoperability protocol for cross-chain liquidity and messaging.',
      category: 'interoperability',
      tags: [Array],
      builder: [Object],
      status: 'active',
      verified: true,
      trending: false,
      recentlyAdded: false,
      monthlyUsers: '32,000+',
      popularWith: [Array],
      narrative: 'Bridges gaining mindshare',
      narrativeDescription: 'Composable approach to cross-chain liquidity',
      _id: new ObjectId('696107a9c1eed6d4f3740c2c'),
      __v: 0
    },
    {
      id: 'hop',
      name: 'Hop Protocol',
      url: 'https://hop.exchange',
      description: 'Rollup-to-rollup bridge optimized for Ethereum L2s.',
      category: 'interoperability',
      tags: [Array],
      builder: [Object],
      status: 'active',
      verified: true,
      trending: false,
      recentlyAdded: false,
      monthlyUsers: '27,000+',
      popularWith: [Array],
      narrative: 'Bridges gaining mindshare',
      narrativeDescription: 'Specialized in rollup-to-rollup transfers',
      _id: new ObjectId('696107a9c1eed6d4f3740c2d'),
      __v: 0
    },
    {
      id: 'across',
      name: 'Across',
      url: 'https://across.to',
      description: 'Optimistic bridge focused on capital-efficient transfers.',
      category: 'interoperability',
      tags: [Array],
      builder: [Object],
      status: 'active',
      verified: true,
      trending: false,
      recentlyAdded: false,
      monthlyUsers: '35,000+',
      popularWith: [Array],
      narrative: 'Bridges gaining mindshare',
      narrativeDescription: 'Optimistic approach to capital-efficient transfers',
      _id: new ObjectId('696107a9c1eed6d4f3740c2e'),
      __v: 0
    },
    {
      id: 'synapse',
      name: 'Synapse',
      url: 'https://synapseprotocol.com',
      description: 'Cross-chain bridge and AMM for token swaps.',
      category: 'interoperability',
      tags: [Array],
      builder: [Object],
      status: 'active',
      verified: true,
      trending: false,
      recentlyAdded: false,
      monthlyUsers: '22,000+',
      popularWith: [Array],
      narrative: 'Bridges gaining mindshare',
      narrativeDescription: 'Combines bridging with AMM functionality',
      _id: new ObjectId('696107a9c1eed6d4f3740c2f'),
      __v: 0
    },
    {
      id: 'orbiter',
      name: 'Orbiter Finance',
      url: 'https://orbiter.finance',
      description: 'Decentralized bridge for native asset transfers between L2s.',
      category: 'interoperability',
      tags: [Array],
      builder: [Object],
      status: 'active',
      verified: true,
      trending: false,
      recentlyAdded: false,
      monthlyUsers: '19,000+',
      popularWith: [Array],
      narrative: 'Bridges gaining mindshare',
      narrativeDescription: 'Focused on native asset transfers between L2s',
      _id: new ObjectId('696107a9c1eed6d4f3740c30'),
      __v: 0
    },
    {
      id: 'layerswap',
      name: 'LayerSwap',
      url: 'https://layerswap.io',
      description: 'Bridge for transferring assets between CEXs and L2s.',
      category: 'interoperability',
      tags: [Array],
      builder: [Object],
      status: 'active',
      verified: true,
      trending: false,
      recentlyAdded: false,
      monthlyUsers: '25,000+',
      popularWith: [Array],
      narrative: 'Bridges gaining mindshare',
      narrativeDescription: 'Connects centralized exchanges with L2s',
      _id: new ObjectId('696107a9c1eed6d4f3740c31'),
      __v: 0
    },
    {
      id: 'allbridge',
      name: 'Allbridge',
      url: 'https://allbridge.io',
      description: 'Simple and reliable bridge for cross-chain asset transfers.',
      category: 'interoperability',
      tags: [Array],
      builder: [Object],
      status: 'active',
      verified: true,
      trending: false,
      recentlyAdded: false,
      monthlyUsers: '18,000+',
      popularWith: [Array],
      narrative: 'Bridges gaining mindshare',
      narrativeDescription: 'Reliable cross-chain asset transfers',
      _id: new ObjectId('696107a9c1eed6d4f3740c32'),
      __v: 0
    },
    {
      id: 'polyhedra',
      name: 'Polyhedra Network',
      url: 'https://polyhedra.network',
      description: 'Zero-knowledge interoperability infrastructure powering zkBridge.',
      category: 'interoperability',
      tags: [Array],
      builder: [Object],
      status: 'active',
      verified: true,
      trending: false,
      recentlyAdded: true,
      monthlyUsers: '12,000+',
      popularWith: [Array],
      narrative: 'Bridges gaining mindshare',
      narrativeDescription: 'Zero-knowledge approach to interoperability',
      _id: new ObjectId('696107a9c1eed6d4f3740c33'),
      __v: 0
    },
    {
      id: 'meson',
      name: 'Meson',
      url: 'https://meson.network',
      description: 'Stablecoin-focused cross-chain swap protocol.',
      category: 'interoperability',
      tags: [Array],
      builder: [Object],
      status: 'active',
      verified: true,
      trending: false,
      recentlyAdded: false,
      monthlyUsers: '15,000+',
      popularWith: [Array],
      narrative: 'Bridges gaining mindshare',
      narrativeDescription: 'Specialized in stablecoin cross-chain swaps',
      _id: new ObjectId('696107a9c1eed6d4f3740c34'),
      __v: 0
    },
    {
      id: 'gaszip',
      name: 'Gas.zip',
      url: 'https://gas.zip',
      description: 'Cross-chain gas abstraction protocol simplifying multi-chain interactions.',
      category: 'interoperability',
      tags: [Array],
      builder: [Object],
      status: 'experimental',
      verified: false,
      trending: false,
      recentlyAdded: true,
      monthlyUsers: '8,000+',
      popularWith: [Array],
      narrative: 'Bridges gaining mindshare',
      narrativeDescription: 'Innovative gas abstraction solution',
      _id: new ObjectId('696107a9c1eed6d4f3740c35'),
      __v: 0
    },
    {
      id: 'uniswap',
      name: 'Uniswap',
      url: 'https://uniswap.org',
      description: 'Leading decentralized exchange with concentrated liquidity pools.',
      category: 'dex',
      tags: [Array],
      builder: [Object],
      status: 'active',
      verified: true,
      trending: true,
      trendingReason: 'Most bookmarked this week',
      recentlyAdded: false,
      monthlyUsers: '250,000+',
      popularWith: [Array],
      narrative: 'Perps replacing spot DEXs',
      narrativeDescription: 'Foundation for DeFi liquidity and trading',
      _id: new ObjectId('696107a9c1eed6d4f3740c36'),
      __v: 0
    },
    {
      id: 'pancakeswap',
      name: 'PancakeSwap',
      url: 'https://pancakeswap.finance',
      description: 'Leading BNB Chain DEX offering swaps, farming, and staking.',
      category: 'dex',
      tags: [Array],
      builder: [Object],
      status: 'active',
      verified: true,
      trending: true,
      trendingReason: 'Trending this week',
      recentlyAdded: false,
      monthlyUsers: '180,000+',
      popularWith: [Array],
      narrative: 'Perps replacing spot DEXs',
      narrativeDescription: 'Dominant DEX on BNB Chain with diverse offerings',
      _id: new ObjectId('696107a9c1eed6d4f3740c37'),
      __v: 0
    },
    {
      id: 'sushi',
      name: 'SushiSwap',
      url: 'https://www.sushi.com',
      description: 'Community-driven multi-chain DEX with liquidity incentives.',
      category: 'dex',
      tags: [Array],
      builder: [Object],
      status: 'active',
      verified: true,
      trending: false,
      recentlyAdded: false,
      monthlyUsers: '95,000+',
      popularWith: [Array],
      narrative: 'Perps replacing spot DEXs',
      narrativeDescription: 'Community-owned DEX with cross-chain presence',
      _id: new ObjectId('696107a9c1eed6d4f3740c38'),
      __v: 0
    },
    {
      id: 'curve',
      name: 'Curve',
      url: 'https://curve.fi',
      description: 'DEX optimized for low-slippage stablecoin and pegged-asset swaps.',
      category: 'dex',
      tags: [Array],
      builder: [Object],
      status: 'active',
      verified: true,
      trending: true,
      trendingReason: 'Trending this week',
      recentlyAdded: false,
      monthlyUsers: '120,000+',
      popularWith: [Array],
      narrative: 'Perps replacing spot DEXs',
      narrativeDescription: 'Specialized in stablecoin and low-slippage trading',
      _id: new ObjectId('696107a9c1eed6d4f3740c39'),
      __v: 0
    },
    {
      id: 'balancer',
      name: 'Balancer',
      url: 'https://balancer.fi',
      description: 'Automated market maker supporting multi-token liquidity pools.',
      category: 'dex',
      tags: [Array],
      builder: [Object],
      status: 'active',
      verified: true,
      trending: false,
      recentlyAdded: false,
      monthlyUsers: '65,000+',
      popularWith: [Array],
      narrative: 'Perps replacing spot DEXs',
      narrativeDescription: 'Flexible AMM with customizable pools',
      _id: new ObjectId('696107a9c1eed6d4f3740c3a'),
      __v: 0
    },
    {
      id: '1inch',
      name: '1inch',
      url: 'https://1inch.io',
      description: 'DEX aggregator sourcing liquidity across many protocols.',
      category: 'dex',
      tags: [Array],
      builder: [Object],
      status: 'active',
      verified: true,
      trending: false,
      recentlyAdded: false,
      monthlyUsers: '85,000+',
      popularWith: [Array],
      narrative: 'Perps replacing spot DEXs',
      narrativeDescription: 'Leading DEX aggregator with wide liquidity coverage',
      _id: new ObjectId('696107a9c1eed6d4f3740c3b'),
      __v: 0
    },
    {
      id: '0x',
      name: '0x',
      url: 'https://0x.org',
      description: 'Protocol for decentralized exchange infrastructure and smart contracts.',
      category: 'dex',
      tags: [Array],
      builder: [Object],
      status: 'active',
      verified: true,
      trending: false,
      recentlyAdded: false,
      monthlyUsers: '70,000+',
      popularWith: [Array],
      narrative: 'Perps replacing spot DEXs',
      narrativeDescription: 'Infrastructure layer for decentralized exchanges',
      _id: new ObjectId('696107a9c1eed6d4f3740c3c'),
      __v: 0
    },
    {
      id: 'cowswap',
      name: 'CowSwap',
      url: 'https://cow.fi',
      description: 'DEX using batch auctions to minimize MEV and optimize execution.',
      category: 'dex',
      tags: [Array],
      builder: [Object],
      status: 'active',
      verified: true,
      trending: false,
      recentlyAdded: false,
      monthlyUsers: '35,000+',
      popularWith: [Array],
      narrative: 'Perps replacing spot DEXs',
      narrativeDescription: 'MEV-minimizing exchange with batch auction model',
      _id: new ObjectId('696107a9c1eed6d4f3740c3d'),
      __v: 0
    },
    {
      id: 'jupiter',
      name: 'Jupiter',
      url: 'https://jup.ag',
      description: 'SolanaΓÇÖs top DEX aggregator for optimized token swaps.',
      category: 'dex',
      tags: [Array],
      builder: [Object],
      status: 'active',
      verified: true,
      trending: true,
      trendingReason: 'Trending this week',
      recentlyAdded: false,
      monthlyUsers: '150,000+',
      popularWith: [Array],
      narrative: 'Perps replacing spot DEXs',
      narrativeDescription: 'Leading DEX aggregator on Solana',
      _id: new ObjectId('696107a9c1eed6d4f3740c3e'),
      __v: 0
    },
    {
      id: 'raydium',
      name: 'Raydium',
      url: 'https://raydium.io',
      description: 'Solana-based AMM integrated with Serum order books.',
      category: 'dex',
      tags: [Array],
      builder: [Object],
      status: 'active',
      verified: true,
      trending: false,
      recentlyAdded: false,
      monthlyUsers: '90,000+',
      popularWith: [Array],
      narrative: 'Perps replacing spot DEXs',
      narrativeDescription: 'Integrated AMM with Serum order books on Solana',
      _id: new ObjectId('696107a9c1eed6d4f3740c3f'),
      __v: 0
    },
    {
      id: 'orca',
      name: 'Orca',
      url: 'https://www.orca.so',
      description: 'Solana DEX focusing on capital-efficient swapping.',
      category: 'dex',
      tags: [Array],
      builder: [Object],
      status: 'active',
      verified: true,
      trending: false,
      recentlyAdded: false,
      monthlyUsers: '60,000+',
      popularWith: [Array],
      narrative: 'Perps replacing spot DEXs',
      narrativeDescription: 'Capital-efficient AMM on Solana',
      _id: new ObjectId('696107a9c1eed6d4f3740c40'),
      __v: 0
    },
    {
      id: 'dydx',
      name: 'dYdX',
      url: 'https://dydx.exchange',
      description: 'Decentralized exchange supporting spot, perpetuals, and margin trading.',
      category: 'dex',
      tags: [Array],
      builder: [Object],
      status: 'active',
      verified: true,
      trending: true,
      trendingReason: 'Most bookmarked this week',
      recentlyAdded: false,
      monthlyUsers: '110,000+',
      popularWith: [Array],
      narrative: 'Perps replacing spot DEXs',
      narrativeDescription: 'Leading perpetuals exchange with orderbook model',
      _id: new ObjectId('696107a9c1eed6d4f3740c41'),
      __v: 0
    },
    {
      id: 'synfutures',
      name: 'SynFutures',
      url: 'https://synfutures.com',
      description: 'Decentralized exchange and full-stack financial infrastructure.',
      category: 'dex',
      tags: [Array],
      builder: [Object],
      status: 'active',
      verified: true,
      trending: false,
      recentlyAdded: false,
      monthlyUsers: '25,000+',
      popularWith: [Array],
      narrative: 'Perps replacing spot DEXs',
      narrativeDescription: 'Full-stack financial infrastructure for derivatives',
      _id: new ObjectId('696107a9c1eed6d4f3740c42'),
      __v: 0
    },
    {
      id: 'slingshot',
      name: 'Slingshot',
      url: 'https://slingshot.finance',
      description: 'Ethereum-based swapping protocol with fee-free trades.',
      category: 'dex',
      tags: [Array],
      builder: [Object],
      status: 'active',
      verified: true,
      trending: false,
      recentlyAdded: false,
      monthlyUsers: '18,000+',
      popularWith: [Array],
      narrative: 'Perps replacing spot DEXs',
      narrativeDescription: 'Fee-free swapping protocol on Ethereum',
      _id: new ObjectId('696107a9c1eed6d4f3740c43'),
      __v: 0
    },
    {
      id: 'velodrome',
      name: 'Velodrome',
      url: 'https://velodrome.finance',
      description: 'Optimism-native AMM with vote-escrowed tokenomics.',
      category: 'dex',
      tags: [Array],
      builder: [Object],
      status: 'active',
      verified: true,
      trending: false,
      recentlyAdded: false,
      monthlyUsers: '45,000+',
      popularWith: [Array],
      narrative: 'Perps replacing spot DEXs',
      narrativeDescription: 'Vote-escrow tokenomics on Optimism',
      _id: new ObjectId('696107a9c1eed6d4f3740c44'),
      __v: 0
    },
    {
      id: 'matcha',
      name: 'Matcha',
      url: 'https://matcha.xyz',
      description: 'User-friendly DEX aggregator powered by 0x protocol.',
      category: 'dex',
      tags: [Array],
      builder: [Object],
      status: 'active',
      verified: true,
      trending: false,
      recentlyAdded: false,
      monthlyUsers: '40,000+',
      popularWith: [Array],
      narrative: 'Perps replacing spot DEXs',
      narrativeDescription: 'User-friendly aggregator built on 0x protocol',
      _id: new ObjectId('696107a9c1eed6d4f3740c45'),
      __v: 0
    },
    {
      id: 'kamino-finance',
      name: 'Kamino Finance',
      url: 'https://kamino.finance',
      description: 'Solana-focused DEX with automated concentrated liquidity.',
      category: 'dex',
      tags: [Array],
      builder: [Object],
      status: 'active',
      verified: true,
      trending: false,
      recentlyAdded: true,
      monthlyUsers: '15,000+',
      popularWith: [Array],
      narrative: 'Perps replacing spot DEXs',
      narrativeDescription: 'Automated concentrated liquidity on Solana',
      _id: new ObjectId('696107a9c1eed6d4f3740c46'),
      __v: 0
    },
    {
      id: 'yield-yak',
      name: 'Yield Yak',
      url: 'https://yieldyak.com',
      description: 'Avalanche yield optimizer and DEX aggregator.',
      category: 'dex',
      tags: [Array],
      builder: [Object],
      status: 'active',
      verified: true,
      trending: false,
      recentlyAdded: false,
      monthlyUsers: '32,000+',
      popularWith: [Array],
      narrative: 'Perps replacing spot DEXs',
      narrativeDescription: 'Yield optimization and aggregation on Avalanche',
      _id: new ObjectId('696107a9c1eed6d4f3740c47'),
      __v: 0
    },
    {
      id: 'carbon',
      name: 'Carbon',
      url: 'https://carbon.network',
      description: 'On-chain trading protocol for limit and range orders.',
      category: 'dex',
      tags: [Array],
      builder: [Object],
      status: 'active',
      verified: true,
      trending: false,
      recentlyAdded: false,
      monthlyUsers: '20,000+',
      popularWith: [Array],
      narrative: 'Perps replacing spot DEXs',
      narrativeDescription: 'Advanced order types and trading mechanisms',
      _id: new ObjectId('696107a9c1eed6d4f3740c48'),
      __v: 0
    },
    {
      id: 'traderjoe',
      name: 'Trader Joe',
      url: 'https://traderjoexyz.com',
      description: 'DEX and DeFi hub native to Avalanche.',
      category: 'dex',
      tags: [Array],
      builder: [Object],
      status: 'active',
      verified: true,
      trending: false,
      recentlyAdded: false,
      monthlyUsers: '38,000+',
      popularWith: [Array],
      narrative: 'Perps replacing spot DEXs',
      narrativeDescription: 'Native DEX and DeFi hub on Avalanche',
      _id: new ObjectId('696107a9c1eed6d4f3740c49'),
      __v: 0
    },
    {
      id: 'quickswap',
      name: 'QuickSwap',
      url: 'https://quickswap.exchange',
      description: 'Polygon-native DEX offering fast and low-cost swaps.',
      category: 'dex',
      tags: [Array],
      builder: [Object],
      status: 'active',
      verified: true,
      trending: false,
      recentlyAdded: false,
      monthlyUsers: '30,000+',
      popularWith: [Array],
      narrative: 'Perps replacing spot DEXs',
      narrativeDescription: 'Fast and low-cost swaps on Polygon',
      _id: new ObjectId('696107a9c1eed6d4f3740c4a'),
      __v: 0
    },
    {
      id: 'spookyswap',
      name: 'SpookySwap',
      url: 'https://spooky.fi',
      description: 'Community-driven DEX on Fantom.',
      category: 'dex',
      tags: [Array],
      builder: [Object],
      status: 'active',
      verified: true,
      trending: false,
      recentlyAdded: false,
      monthlyUsers: '22,000+',
      popularWith: [Array],
      narrative: 'Perps replacing spot DEXs',
      narrativeDescription: 'Community-driven DEX on Fantom',
      _id: new ObjectId('696107a9c1eed6d4f3740c4b'),
      __v: 0
    },
    {
      id: 'thena',
      name: 'Thena',
      url: 'https://thena.fi',
      description: 've(3,3)-based DEX on BNB Chain.',
      category: 'dex',
      tags: [Array],
      builder: [Object],
      status: 'active',
      verified: true,
      trending: false,
      recentlyAdded: false,
      monthlyUsers: '28,000+',
      popularWith: [Array],
      narrative: 'Perps replacing spot DEXs',
      narrativeDescription: 've(3,3) tokenomics implementation on BNB Chain',
      _id: new ObjectId('696107a9c1eed6d4f3740c4c'),
      __v: 0
    },
    {
      id: 'camelot',
      name: 'Camelot',
      url: 'https://camelot.exchange',
      description: 'Arbitrum-native DEX with protocol-aligned liquidity.',
      category: 'dex',
      tags: [Array],
      builder: [Object],
      status: 'active',
      verified: true,
      trending: false,
      recentlyAdded: false,
      monthlyUsers: '35,000+',
      popularWith: [Array],
      narrative: 'Perps replacing spot DEXs',
      narrativeDescription: 'Protocol-aligned liquidity on Arbitrum',
      _id: new ObjectId('696107a9c1eed6d4f3740c4d'),
      __v: 0
    },
    {
      id: 'aerodrome',
      name: 'Aerodrome',
      url: 'https://aerodrome.finance',
      description: 'Base-native DEX built on ve-tokenomics.',
      category: 'dex',
      tags: [Array],
      builder: [Object],
      status: 'active',
      verified: true,
      trending: false,
      recentlyAdded: false,
      monthlyUsers: '26,000+',
      popularWith: [Array],
      narrative: 'Perps replacing spot DEXs',
      narrativeDescription: 've-tokenomics implementation on Base chain',
      _id: new ObjectId('696107a9c1eed6d4f3740c4e'),
      __v: 0
    }
  ]
}
